<?xml version="1.0" encoding="UTF-8"?>
<testng-results ignored="0" total="1" passed="1" failed="0" skipped="0">
  <reporter-output>
  </reporter-output>
  <suite started-at="2020-02-10T15:01:42 IST" name="Default suite" finished-at="2020-02-10T15:01:47 IST" duration-ms="4836">
    <groups>
    </groups>
    <test started-at="2020-02-10T15:01:42 IST" name="Default test" finished-at="2020-02-10T15:01:47 IST" duration-ms="4836">
      <class name="APIPack.POST_REQUEST">
        <test-method signature="registerCustomer()[pri:0, instance:APIPack.POST_REQUEST@4c15e7fd]" started-at="2020-02-10T15:01:42 IST" name="registerCustomer" finished-at="2020-02-10T15:01:47 IST" duration-ms="4779" status="PASS">
          <reporter-output>
          </reporter-output>
        </test-method> <!-- registerCustomer -->
      </class> <!-- APIPack.POST_REQUEST -->
    </test> <!-- Default test -->
  </suite> <!-- Default suite -->
</testng-results>
